{
  "/Users/rarvelo/Downloads/url-shortener/src/app.ts": {
    "path": "/Users/rarvelo/Downloads/url-shortener/src/app.ts",
    "statementMap": {
      "0": {
        "start": { "line": 1, "column": 0 },
        "end": { "line": 1, "column": 30 }
      },
      "1": {
        "start": { "line": 2, "column": 0 },
        "end": { "line": 2, "column": 43 }
      },
      "2": {
        "start": { "line": 3, "column": 0 },
        "end": { "line": 3, "column": 52 }
      },
      "3": {
        "start": { "line": 4, "column": 0 },
        "end": { "line": 4, "column": 37 }
      },
      "4": {
        "start": { "line": 6, "column": 0 },
        "end": { "line": 6, "column": 23 }
      },
      "5": {
        "start": { "line": 8, "column": 12 },
        "end": { "line": 8, "column": 21 }
      },
      "6": {
        "start": { "line": 10, "column": 0 },
        "end": { "line": 10, "column": 27 }
      },
      "7": {
        "start": { "line": 12, "column": 15 },
        "end": { "line": 12, "column": 31 }
      },
      "8": {
        "start": { "line": 14, "column": 0 },
        "end": { "line": 14, "column": 42 }
      },
      "9": {
        "start": { "line": 15, "column": 0 },
        "end": { "line": 15, "column": 32 }
      },
      "10": {
        "start": { "line": 17, "column": 0 },
        "end": { "line": 17, "column": 16 }
      },
      "11": {
        "start": { "line": 19, "column": 0 },
        "end": { "line": 19, "column": 19 }
      }
    },
    "fnMap": {},
    "branchMap": {},
    "s": {
      "0": 1,
      "1": 1,
      "2": 1,
      "3": 1,
      "4": 1,
      "5": 1,
      "6": 1,
      "7": 1,
      "8": 1,
      "9": 1,
      "10": 1,
      "11": 1
    },
    "f": {},
    "b": {}
  },
  "/Users/rarvelo/Downloads/url-shortener/src/db.ts": {
    "path": "/Users/rarvelo/Downloads/url-shortener/src/db.ts",
    "statementMap": {
      "0": {
        "start": { "line": 1, "column": 0 },
        "end": { "line": 1, "column": 30 }
      },
      "1": {
        "start": { "line": 3, "column": 11 },
        "end": { "line": 3, "column": 43 }
      },
      "2": {
        "start": { "line": 5, "column": 22 },
        "end": { "line": 7, "column": 1 }
      },
      "3": {
        "start": { "line": 6, "column": 4 },
        "end": { "line": 6, "column": null }
      },
      "4": {
        "start": { "line": 5, "column": 13 },
        "end": { "line": 5, "column": 22 }
      },
      "5": {
        "start": { "line": 9, "column": 34 },
        "end": { "line": 11, "column": 1 }
      },
      "6": {
        "start": { "line": 10, "column": 4 },
        "end": { "line": 10, "column": null }
      },
      "7": {
        "start": { "line": 9, "column": 13 },
        "end": { "line": 9, "column": 34 }
      },
      "8": {
        "start": { "line": 14, "column": 4 },
        "end": { "line": 20, "column": 8 }
      },
      "9": {
        "start": { "line": 22, "column": 0 },
        "end": { "line": 22, "column": 18 }
      }
    },
    "fnMap": {
      "0": {
        "name": "(anonymous_1)",
        "decl": {
          "start": { "line": 5, "column": 22 },
          "end": { "line": 5, "column": 25 }
        },
        "loc": {
          "start": { "line": 5, "column": 27 },
          "end": { "line": 7, "column": 1 }
        }
      },
      "1": {
        "name": "(anonymous_2)",
        "decl": {
          "start": { "line": 9, "column": 34 },
          "end": { "line": 9, "column": 37 }
        },
        "loc": {
          "start": { "line": 9, "column": 39 },
          "end": { "line": 11, "column": 1 }
        }
      }
    },
    "branchMap": {},
    "s": {
      "0": 1,
      "1": 1,
      "2": 1,
      "3": 1,
      "4": 1,
      "5": 1,
      "6": 5,
      "7": 1,
      "8": 1,
      "9": 1
    },
    "f": { "0": 1, "1": 5 },
    "b": {}
  },
  "/Users/rarvelo/Downloads/url-shortener/src/health/controller.ts": {
    "path": "/Users/rarvelo/Downloads/url-shortener/src/health/controller.ts",
    "statementMap": {
      "0": {
        "start": { "line": 2, "column": 0 },
        "end": { "line": 2, "column": 23 }
      },
      "1": {
        "start": { "line": 5, "column": 2 },
        "end": { "line": 13, "column": 3 }
      },
      "2": {
        "start": { "line": 6, "column": 4 },
        "end": { "line": 8, "column": 7 }
      },
      "3": {
        "start": { "line": 7, "column": 6 },
        "end": { "line": 7, "column": 25 }
      },
      "4": {
        "start": { "line": 7, "column": 15 },
        "end": { "line": 7, "column": 25 }
      },
      "5": {
        "start": { "line": 9, "column": 4 },
        "end": { "line": 9, "column": 31 }
      },
      "6": {
        "start": { "line": 11, "column": 4 },
        "end": { "line": 11, "column": 21 }
      },
      "7": {
        "start": { "line": 12, "column": 4 },
        "end": { "line": 12, "column": 27 }
      },
      "8": {
        "start": { "line": 4, "column": 0 },
        "end": { "line": 4, "column": 24 }
      }
    },
    "fnMap": {
      "0": {
        "name": "getHealth",
        "decl": {
          "start": { "line": 4, "column": 24 },
          "end": { "line": 4, "column": 33 }
        },
        "loc": {
          "start": { "line": 4, "column": 62 },
          "end": { "line": 14, "column": 1 }
        }
      },
      "1": {
        "name": "(anonymous_2)",
        "decl": {
          "start": { "line": 6, "column": 34 },
          "end": { "line": 6, "column": 35 }
        },
        "loc": {
          "start": { "line": 6, "column": 47 },
          "end": { "line": 8, "column": 5 }
        }
      }
    },
    "branchMap": {
      "0": {
        "loc": {
          "start": { "line": 7, "column": 6 },
          "end": { "line": 7, "column": 25 }
        },
        "type": "if",
        "locations": [
          {
            "start": { "line": 7, "column": 6 },
            "end": { "line": 7, "column": 25 }
          }
        ]
      }
    },
    "s": {
      "0": 1,
      "1": 0,
      "2": 0,
      "3": 0,
      "4": 0,
      "5": 0,
      "6": 0,
      "7": 0,
      "8": 1
    },
    "f": { "0": 0, "1": 0 },
    "b": { "0": [0] }
  },
  "/Users/rarvelo/Downloads/url-shortener/src/health/routes.ts": {
    "path": "/Users/rarvelo/Downloads/url-shortener/src/health/routes.ts",
    "statementMap": {
      "0": {
        "start": { "line": 1, "column": 0 },
        "end": { "line": 1, "column": 33 }
      },
      "1": {
        "start": { "line": 3, "column": 0 },
        "end": { "line": 3, "column": 37 }
      },
      "2": {
        "start": { "line": 5, "column": 15 },
        "end": { "line": 5, "column": 23 }
      },
      "3": {
        "start": { "line": 7, "column": 0 },
        "end": { "line": 7, "column": 27 }
      },
      "4": {
        "start": { "line": 9, "column": 0 },
        "end": { "line": 9, "column": 22 }
      }
    },
    "fnMap": {},
    "branchMap": {},
    "s": { "0": 1, "1": 1, "2": 1, "3": 1, "4": 1 },
    "f": {},
    "b": {}
  },
  "/Users/rarvelo/Downloads/url-shortener/src/slug/application/countHits.ts": {
    "path": "/Users/rarvelo/Downloads/url-shortener/src/slug/application/countHits.ts",
    "statementMap": {
      "0": {
        "start": { "line": 2, "column": 0 },
        "end": { "line": 2, "column": 66 }
      },
      "1": {
        "start": { "line": 5, "column": 18 },
        "end": { "line": 8, "column": null }
      },
      "2": {
        "start": { "line": 5, "column": 39 },
        "end": { "line": 8, "column": null }
      },
      "3": {
        "start": { "line": 6, "column": 4 },
        "end": { "line": 6, "column": null }
      },
      "4": {
        "start": { "line": 7, "column": 4 },
        "end": { "line": 7, "column": null }
      },
      "5": {
        "start": { "line": 10, "column": 8 },
        "end": { "line": 10, "column": 17 }
      }
    },
    "fnMap": {
      "0": {
        "name": "(anonymous_7)",
        "decl": {
          "start": { "line": 5, "column": 18 },
          "end": { "line": 5, "column": 25 }
        },
        "loc": {
          "start": { "line": 5, "column": 39 },
          "end": { "line": 8, "column": null }
        }
      },
      "1": {
        "name": "(anonymous_8)",
        "decl": {
          "start": { "line": 5, "column": 39 },
          "end": { "line": 5, "column": null }
        },
        "loc": {
          "start": { "line": 5, "column": 39 },
          "end": { "line": 8, "column": 1 }
        }
      }
    },
    "branchMap": {},
    "s": { "0": 1, "1": 1, "2": 1, "3": 1, "4": 1, "5": 1 },
    "f": { "0": 1, "1": 1 },
    "b": {}
  },
  "/Users/rarvelo/Downloads/url-shortener/src/slug/application/createSlug.ts": {
    "path": "/Users/rarvelo/Downloads/url-shortener/src/slug/application/createSlug.ts",
    "statementMap": {
      "0": {
        "start": { "line": 1, "column": 0 },
        "end": { "line": 1, "column": 51 }
      },
      "1": {
        "start": { "line": 3, "column": 0 },
        "end": { "line": 3, "column": 30 }
      },
      "2": {
        "start": { "line": 4, "column": 0 },
        "end": { "line": 4, "column": 66 }
      },
      "3": {
        "start": { "line": 6, "column": 19 },
        "end": { "line": 15, "column": null }
      },
      "4": {
        "start": { "line": 6, "column": 50 },
        "end": { "line": 15, "column": null }
      },
      "5": {
        "start": { "line": 8, "column": 16 },
        "end": { "line": 8, "column": 41 }
      },
      "6": {
        "start": { "line": 9, "column": 21 },
        "end": { "line": 9, "column": 29 }
      },
      "7": {
        "start": { "line": 10, "column": 30 },
        "end": { "line": 13, "column": null }
      },
      "8": {
        "start": { "line": 14, "column": 4 },
        "end": { "line": 14, "column": null }
      },
      "9": {
        "start": { "line": 17, "column": 8 },
        "end": { "line": 17, "column": 18 }
      }
    },
    "fnMap": {
      "0": {
        "name": "(anonymous_7)",
        "decl": {
          "start": { "line": 6, "column": 19 },
          "end": { "line": 6, "column": 26 }
        },
        "loc": {
          "start": { "line": 6, "column": 50 },
          "end": { "line": 15, "column": null }
        }
      },
      "1": {
        "name": "(anonymous_8)",
        "decl": {
          "start": { "line": 6, "column": 50 },
          "end": { "line": 6, "column": null }
        },
        "loc": {
          "start": { "line": 6, "column": 50 },
          "end": { "line": 15, "column": 1 }
        }
      }
    },
    "branchMap": {},
    "s": {
      "0": 1,
      "1": 1,
      "2": 1,
      "3": 1,
      "4": 2,
      "5": 2,
      "6": 1,
      "7": 1,
      "8": 1,
      "9": 1
    },
    "f": { "0": 2, "1": 2 },
    "b": {}
  },
  "/Users/rarvelo/Downloads/url-shortener/src/slug/application/getBySlug.ts": {
    "path": "/Users/rarvelo/Downloads/url-shortener/src/slug/application/getBySlug.ts",
    "statementMap": {
      "0": {
        "start": { "line": 1, "column": 0 },
        "end": { "line": 1, "column": 66 }
      },
      "1": {
        "start": { "line": 2, "column": 0 },
        "end": { "line": 2, "column": 53 }
      },
      "2": {
        "start": { "line": 3, "column": 0 },
        "end": { "line": 3, "column": 38 }
      },
      "3": {
        "start": { "line": 6, "column": 18 },
        "end": { "line": 11, "column": null }
      },
      "4": {
        "start": { "line": 6, "column": 41 },
        "end": { "line": 11, "column": null }
      },
      "5": {
        "start": { "line": 7, "column": 19 },
        "end": { "line": 7, "column": 61 }
      },
      "6": {
        "start": { "line": 8, "column": 4 },
        "end": { "line": 8, "column": null }
      },
      "7": {
        "start": { "line": 8, "column": 17 },
        "end": { "line": 8, "column": null }
      },
      "8": {
        "start": { "line": 9, "column": 4 },
        "end": { "line": 9, "column": null }
      },
      "9": {
        "start": { "line": 10, "column": 4 },
        "end": { "line": 10, "column": null }
      },
      "10": {
        "start": { "line": 13, "column": 8 },
        "end": { "line": 13, "column": 17 }
      }
    },
    "fnMap": {
      "0": {
        "name": "(anonymous_7)",
        "decl": {
          "start": { "line": 6, "column": 18 },
          "end": { "line": 6, "column": 25 }
        },
        "loc": {
          "start": { "line": 6, "column": 41 },
          "end": { "line": 11, "column": null }
        }
      },
      "1": {
        "name": "(anonymous_8)",
        "decl": {
          "start": { "line": 6, "column": 41 },
          "end": { "line": 6, "column": null }
        },
        "loc": {
          "start": { "line": 6, "column": 41 },
          "end": { "line": 11, "column": 1 }
        }
      }
    },
    "branchMap": {
      "0": {
        "loc": {
          "start": { "line": 8, "column": 4 },
          "end": { "line": 8, "column": null }
        },
        "type": "if",
        "locations": [
          {
            "start": { "line": 8, "column": 4 },
            "end": { "line": 8, "column": null }
          }
        ]
      }
    },
    "s": {
      "0": 1,
      "1": 1,
      "2": 1,
      "3": 1,
      "4": 2,
      "5": 2,
      "6": 2,
      "7": 1,
      "8": 1,
      "9": 1,
      "10": 1
    },
    "f": { "0": 2, "1": 2 },
    "b": { "0": [1] }
  },
  "/Users/rarvelo/Downloads/url-shortener/src/slug/application/updateSlug.ts": {
    "path": "/Users/rarvelo/Downloads/url-shortener/src/slug/application/updateSlug.ts",
    "statementMap": {
      "0": {
        "start": { "line": 1, "column": 0 },
        "end": { "line": 1, "column": 51 }
      },
      "1": {
        "start": { "line": 3, "column": 0 },
        "end": { "line": 3, "column": 66 }
      },
      "2": {
        "start": { "line": 5, "column": 19 },
        "end": { "line": 11, "column": null }
      },
      "3": {
        "start": { "line": 5, "column": 64 },
        "end": { "line": 11, "column": null }
      },
      "4": {
        "start": { "line": 7, "column": 16 },
        "end": { "line": 7, "column": 41 }
      },
      "5": {
        "start": { "line": 8, "column": 19 },
        "end": { "line": 8, "column": 61 }
      },
      "6": {
        "start": { "line": 9, "column": 4 },
        "end": { "line": 9, "column": null }
      },
      "7": {
        "start": { "line": 10, "column": 4 },
        "end": { "line": 10, "column": null }
      },
      "8": {
        "start": { "line": 13, "column": 8 },
        "end": { "line": 13, "column": 18 }
      }
    },
    "fnMap": {
      "0": {
        "name": "(anonymous_7)",
        "decl": {
          "start": { "line": 5, "column": 19 },
          "end": { "line": 5, "column": 26 }
        },
        "loc": {
          "start": { "line": 5, "column": 64 },
          "end": { "line": 11, "column": null }
        }
      },
      "1": {
        "name": "(anonymous_8)",
        "decl": {
          "start": { "line": 5, "column": 64 },
          "end": { "line": 5, "column": null }
        },
        "loc": {
          "start": { "line": 5, "column": 64 },
          "end": { "line": 11, "column": 1 }
        }
      }
    },
    "branchMap": {},
    "s": {
      "0": 1,
      "1": 1,
      "2": 1,
      "3": 1,
      "4": 1,
      "5": 1,
      "6": 1,
      "7": 1,
      "8": 1
    },
    "f": { "0": 1, "1": 1 },
    "b": {}
  },
  "/Users/rarvelo/Downloads/url-shortener/src/slug/infraestructure/slug.repository.ts": {
    "path": "/Users/rarvelo/Downloads/url-shortener/src/slug/infraestructure/slug.repository.ts",
    "statementMap": {
      "0": {
        "start": { "line": 3, "column": 0 },
        "end": { "line": 3, "column": 26 }
      },
      "1": {
        "start": { "line": 6, "column": 39 },
        "end": { "line": 58, "column": null }
      },
      "2": {
        "start": { "line": 8, "column": 22 },
        "end": { "line": 8, "column": 64 }
      },
      "3": {
        "start": { "line": 9, "column": 8 },
        "end": { "line": 17, "column": 11 }
      },
      "4": {
        "start": { "line": 10, "column": 12 },
        "end": { "line": 16, "column": 15 }
      },
      "5": {
        "start": { "line": 11, "column": 16 },
        "end": { "line": 15, "column": 17 }
      },
      "6": {
        "start": { "line": 12, "column": 20 },
        "end": { "line": 12, "column": 32 }
      },
      "7": {
        "start": { "line": 14, "column": 20 },
        "end": { "line": 14, "column": 41 }
      },
      "8": {
        "start": { "line": 21, "column": 28 },
        "end": { "line": 21, "column": 82 }
      },
      "9": {
        "start": { "line": 22, "column": 8 },
        "end": { "line": 35, "column": null }
      },
      "10": {
        "start": { "line": 23, "column": 12 },
        "end": { "line": 34, "column": 15 }
      },
      "11": {
        "start": { "line": 24, "column": 16 },
        "end": { "line": 33, "column": 17 }
      },
      "12": {
        "start": { "line": 25, "column": 20 },
        "end": { "line": 25, "column": 32 }
      },
      "13": {
        "start": { "line": 27, "column": 35 },
        "end": { "line": 27, "column": 46 }
      },
      "14": {
        "start": { "line": 28, "column": 20 },
        "end": { "line": 32, "column": 23 }
      },
      "15": {
        "start": { "line": 38, "column": 28 },
        "end": { "line": 38, "column": 96 }
      },
      "16": {
        "start": { "line": 39, "column": 8 },
        "end": { "line": 52, "column": 11 }
      },
      "17": {
        "start": { "line": 40, "column": 12 },
        "end": { "line": 51, "column": 15 }
      },
      "18": {
        "start": { "line": 41, "column": 16 },
        "end": { "line": 50, "column": 17 }
      },
      "19": {
        "start": { "line": 42, "column": 20 },
        "end": { "line": 42, "column": 32 }
      },
      "20": {
        "start": { "line": 44, "column": 36 },
        "end": { "line": 44, "column": 48 }
      },
      "21": {
        "start": { "line": 45, "column": 20 },
        "end": { "line": 49, "column": 21 }
      },
      "22": {
        "start": { "line": 46, "column": 24 },
        "end": { "line": 46, "column": 39 }
      },
      "23": {
        "start": { "line": 48, "column": 24 },
        "end": { "line": 48, "column": 38 }
      },
      "24": {
        "start": { "line": 55, "column": 8 },
        "end": { "line": 55, "column": null }
      },
      "25": {
        "start": { "line": 56, "column": 8 },
        "end": { "line": 56, "column": null }
      },
      "26": {
        "start": { "line": 66, "column": 8 },
        "end": { "line": 66, "column": 22 }
      },
      "27": {
        "start": { "line": 60, "column": 17 },
        "end": { "line": 60, "column": 45 }
      },
      "28": {
        "start": { "line": 62, "column": 26 },
        "end": { "line": 64, "column": 1 }
      },
      "29": {
        "start": { "line": 63, "column": 4 },
        "end": { "line": 63, "column": null }
      }
    },
    "fnMap": {
      "0": {
        "name": "(anonymous_8)",
        "decl": {
          "start": { "line": 7, "column": 10 },
          "end": { "line": 7, "column": 25 }
        },
        "loc": {
          "start": { "line": 7, "column": 38 },
          "end": { "line": 18, "column": null }
        }
      },
      "1": {
        "name": "(anonymous_10)",
        "decl": {
          "start": { "line": 9, "column": 27 },
          "end": { "line": 9, "column": 28 }
        },
        "loc": {
          "start": { "line": 9, "column": 47 },
          "end": { "line": 17, "column": 9 }
        }
      },
      "2": {
        "name": "(anonymous_11)",
        "decl": {
          "start": { "line": 10, "column": 34 },
          "end": { "line": 10, "column": 35 }
        },
        "loc": {
          "start": { "line": 10, "column": 47 },
          "end": { "line": 16, "column": 13 }
        }
      },
      "3": {
        "name": "(anonymous_12)",
        "decl": {
          "start": { "line": 19, "column": 10 },
          "end": { "line": 19, "column": 16 }
        },
        "loc": {
          "start": { "line": 19, "column": 34 },
          "end": { "line": 36, "column": null }
        }
      },
      "4": {
        "name": "(anonymous_14)",
        "decl": {
          "start": { "line": 22, "column": 27 },
          "end": { "line": 22, "column": 28 }
        },
        "loc": {
          "start": { "line": 22, "column": 47 },
          "end": { "line": 35, "column": 9 }
        }
      },
      "5": {
        "name": "(anonymous_15)",
        "decl": {
          "start": { "line": 23, "column": 64 },
          "end": { "line": 23, "column": 74 }
        },
        "loc": {
          "start": { "line": 23, "column": 77 },
          "end": { "line": 34, "column": 13 }
        }
      },
      "6": {
        "name": "(anonymous_16)",
        "decl": {
          "start": { "line": 37, "column": 10 },
          "end": { "line": 37, "column": 16 }
        },
        "loc": {
          "start": { "line": 37, "column": 28 },
          "end": { "line": 53, "column": null }
        }
      },
      "7": {
        "name": "(anonymous_18)",
        "decl": {
          "start": { "line": 39, "column": 27 },
          "end": { "line": 39, "column": 28 }
        },
        "loc": {
          "start": { "line": 39, "column": 47 },
          "end": { "line": 52, "column": 9 }
        }
      },
      "8": {
        "name": "(anonymous_19)",
        "decl": {
          "start": { "line": 40, "column": 88 },
          "end": { "line": 40, "column": 98 }
        },
        "loc": {
          "start": { "line": 40, "column": 101 },
          "end": { "line": 51, "column": 13 }
        }
      },
      "9": {
        "name": "(anonymous_20)",
        "decl": {
          "start": { "line": 54, "column": 4 },
          "end": { "line": 54, "column": 10 }
        },
        "loc": {
          "start": { "line": 54, "column": 21 },
          "end": { "line": 57, "column": 5 }
        }
      },
      "10": {
        "name": "(anonymous_21)",
        "decl": {
          "start": { "line": 62, "column": 26 },
          "end": { "line": 62, "column": 27 }
        },
        "loc": {
          "start": { "line": 62, "column": 47 },
          "end": { "line": 64, "column": 1 }
        }
      }
    },
    "branchMap": {
      "0": {
        "loc": {
          "start": { "line": 11, "column": 16 },
          "end": { "line": 15, "column": 17 }
        },
        "type": "if",
        "locations": [
          {
            "start": { "line": 11, "column": 16 },
            "end": { "line": 15, "column": 17 }
          },
          {
            "start": { "line": 13, "column": 23 },
            "end": { "line": 15, "column": 17 }
          }
        ]
      },
      "1": {
        "loc": {
          "start": { "line": 24, "column": 16 },
          "end": { "line": 33, "column": 17 }
        },
        "type": "if",
        "locations": [
          {
            "start": { "line": 24, "column": 16 },
            "end": { "line": 33, "column": 17 }
          },
          {
            "start": { "line": 26, "column": 23 },
            "end": { "line": 33, "column": 17 }
          }
        ]
      },
      "2": {
        "loc": {
          "start": { "line": 41, "column": 16 },
          "end": { "line": 50, "column": 17 }
        },
        "type": "if",
        "locations": [
          {
            "start": { "line": 41, "column": 16 },
            "end": { "line": 50, "column": 17 }
          },
          {
            "start": { "line": 43, "column": 23 },
            "end": { "line": 50, "column": 17 }
          }
        ]
      },
      "3": {
        "loc": {
          "start": { "line": 45, "column": 20 },
          "end": { "line": 49, "column": 21 }
        },
        "type": "if",
        "locations": [
          {
            "start": { "line": 45, "column": 20 },
            "end": { "line": 49, "column": 21 }
          },
          {
            "start": { "line": 47, "column": 27 },
            "end": { "line": 49, "column": 21 }
          }
        ]
      }
    },
    "s": {
      "0": 1,
      "1": 1,
      "2": 3,
      "3": 3,
      "4": 3,
      "5": 3,
      "6": 0,
      "7": 3,
      "8": 3,
      "9": 3,
      "10": 3,
      "11": 3,
      "12": 0,
      "13": 3,
      "14": 3,
      "15": 2,
      "16": 2,
      "17": 2,
      "18": 2,
      "19": 0,
      "20": 2,
      "21": 2,
      "22": 2,
      "23": 0,
      "24": 3,
      "25": 3,
      "26": 1,
      "27": 1,
      "28": 1,
      "29": 3
    },
    "f": {
      "0": 3,
      "1": 3,
      "2": 3,
      "3": 3,
      "4": 3,
      "5": 3,
      "6": 2,
      "7": 2,
      "8": 2,
      "9": 3,
      "10": 3
    },
    "b": { "0": [0, 3], "1": [0, 3], "2": [0, 2], "3": [2, 0] }
  },
  "/Users/rarvelo/Downloads/url-shortener/src/slug/presentation/controller.ts": {
    "path": "/Users/rarvelo/Downloads/url-shortener/src/slug/presentation/controller.ts",
    "statementMap": {
      "0": {
        "start": { "line": 2, "column": 0 },
        "end": { "line": 2, "column": 53 }
      },
      "1": {
        "start": { "line": 3, "column": 0 },
        "end": { "line": 3, "column": 51 }
      },
      "2": {
        "start": { "line": 4, "column": 0 },
        "end": { "line": 4, "column": 70 }
      },
      "3": {
        "start": { "line": 5, "column": 0 },
        "end": { "line": 5, "column": 53 }
      },
      "4": {
        "start": { "line": 7, "column": 15 },
        "end": { "line": 17, "column": null }
      },
      "5": {
        "start": { "line": 7, "column": 53 },
        "end": { "line": 17, "column": null }
      },
      "6": {
        "start": { "line": 8, "column": 4 },
        "end": { "line": 16, "column": 5 }
      },
      "7": {
        "start": { "line": 9, "column": 21 },
        "end": { "line": 11, "column": 10 }
      },
      "8": {
        "start": { "line": 12, "column": 8 },
        "end": { "line": 12, "column": 42 }
      },
      "9": {
        "start": { "line": 14, "column": 8 },
        "end": { "line": 14, "column": null }
      },
      "10": {
        "start": { "line": 14, "column": 44 },
        "end": { "line": 14, "column": null }
      },
      "11": {
        "start": { "line": 15, "column": 8 },
        "end": { "line": 15, "column": 31 }
      },
      "12": {
        "start": { "line": 41, "column": 8 },
        "end": { "line": 41, "column": 14 }
      },
      "13": {
        "start": { "line": 18, "column": 15 },
        "end": { "line": 29, "column": null }
      },
      "14": {
        "start": { "line": 18, "column": 53 },
        "end": { "line": 29, "column": null }
      },
      "15": {
        "start": { "line": 19, "column": 4 },
        "end": { "line": 28, "column": 5 }
      },
      "16": {
        "start": { "line": 20, "column": 21 },
        "end": { "line": 22, "column": 10 }
      },
      "17": {
        "start": { "line": 23, "column": 8 },
        "end": { "line": 23, "column": 23 }
      },
      "18": {
        "start": { "line": 25, "column": 8 },
        "end": { "line": 25, "column": null }
      },
      "19": {
        "start": { "line": 25, "column": 44 },
        "end": { "line": 25, "column": null }
      },
      "20": {
        "start": { "line": 26, "column": 8 },
        "end": { "line": 26, "column": 25 }
      },
      "21": {
        "start": { "line": 27, "column": 8 },
        "end": { "line": 27, "column": 31 }
      },
      "22": {
        "start": { "line": 41, "column": 16 },
        "end": { "line": 41, "column": 22 }
      },
      "23": {
        "start": { "line": 30, "column": 12 },
        "end": { "line": 39, "column": null }
      },
      "24": {
        "start": { "line": 30, "column": 50 },
        "end": { "line": 39, "column": null }
      },
      "25": {
        "start": { "line": 31, "column": 4 },
        "end": { "line": 38, "column": 5 }
      },
      "26": {
        "start": { "line": 32, "column": 21 },
        "end": { "line": 32, "column": 53 }
      },
      "27": {
        "start": { "line": 33, "column": 8 },
        "end": { "line": 33, "column": 30 }
      },
      "28": {
        "start": { "line": 35, "column": 8 },
        "end": { "line": 35, "column": 65 }
      },
      "29": {
        "start": { "line": 35, "column": 42 },
        "end": { "line": 35, "column": 65 }
      },
      "30": {
        "start": { "line": 36, "column": 8 },
        "end": { "line": 36, "column": 25 }
      },
      "31": {
        "start": { "line": 37, "column": 8 },
        "end": { "line": 37, "column": 31 }
      },
      "32": {
        "start": { "line": 41, "column": 24 },
        "end": { "line": 41, "column": 27 }
      }
    },
    "fnMap": {
      "0": {
        "name": "(anonymous_7)",
        "decl": {
          "start": { "line": 7, "column": 15 },
          "end": { "line": 7, "column": 22 }
        },
        "loc": {
          "start": { "line": 7, "column": 53 },
          "end": { "line": 17, "column": null }
        }
      },
      "1": {
        "name": "(anonymous_8)",
        "decl": {
          "start": { "line": 7, "column": 53 },
          "end": { "line": 7, "column": null }
        },
        "loc": {
          "start": { "line": 7, "column": 53 },
          "end": { "line": 17, "column": 1 }
        }
      },
      "2": {
        "name": "(anonymous_9)",
        "decl": {
          "start": { "line": 18, "column": 15 },
          "end": { "line": 18, "column": 22 }
        },
        "loc": {
          "start": { "line": 18, "column": 53 },
          "end": { "line": 29, "column": null }
        }
      },
      "3": {
        "name": "(anonymous_10)",
        "decl": {
          "start": { "line": 18, "column": 53 },
          "end": { "line": 18, "column": null }
        },
        "loc": {
          "start": { "line": 18, "column": 53 },
          "end": { "line": 29, "column": 1 }
        }
      },
      "4": {
        "name": "(anonymous_11)",
        "decl": {
          "start": { "line": 30, "column": 12 },
          "end": { "line": 30, "column": 19 }
        },
        "loc": {
          "start": { "line": 30, "column": 50 },
          "end": { "line": 39, "column": null }
        }
      },
      "5": {
        "name": "(anonymous_12)",
        "decl": {
          "start": { "line": 30, "column": 50 },
          "end": { "line": 30, "column": null }
        },
        "loc": {
          "start": { "line": 30, "column": 50 },
          "end": { "line": 39, "column": 1 }
        }
      }
    },
    "branchMap": {
      "0": {
        "loc": {
          "start": { "line": 14, "column": 8 },
          "end": { "line": 14, "column": null }
        },
        "type": "if",
        "locations": [
          {
            "start": { "line": 14, "column": 8 },
            "end": { "line": 14, "column": null }
          }
        ]
      },
      "1": {
        "loc": {
          "start": { "line": 25, "column": 8 },
          "end": { "line": 25, "column": null }
        },
        "type": "if",
        "locations": [
          {
            "start": { "line": 25, "column": 8 },
            "end": { "line": 25, "column": null }
          }
        ]
      },
      "2": {
        "loc": {
          "start": { "line": 35, "column": 8 },
          "end": { "line": 35, "column": 65 }
        },
        "type": "if",
        "locations": [
          {
            "start": { "line": 35, "column": 8 },
            "end": { "line": 35, "column": 65 }
          }
        ]
      }
    },
    "s": {
      "0": 1,
      "1": 1,
      "2": 1,
      "3": 1,
      "4": 1,
      "5": 2,
      "6": 2,
      "7": 2,
      "8": 1,
      "9": 1,
      "10": 1,
      "11": 1,
      "12": 1,
      "13": 1,
      "14": 1,
      "15": 1,
      "16": 1,
      "17": 1,
      "18": 0,
      "19": 0,
      "20": 0,
      "21": 0,
      "22": 1,
      "23": 1,
      "24": 2,
      "25": 2,
      "26": 2,
      "27": 1,
      "28": 1,
      "29": 1,
      "30": 1,
      "31": 1,
      "32": 1
    },
    "f": { "0": 2, "1": 2, "2": 1, "3": 1, "4": 2, "5": 2 },
    "b": { "0": [1], "1": [0], "2": [1] }
  },
  "/Users/rarvelo/Downloads/url-shortener/src/slug/presentation/routes.ts": {
    "path": "/Users/rarvelo/Downloads/url-shortener/src/slug/presentation/routes.ts",
    "statementMap": {
      "0": {
        "start": { "line": 1, "column": 0 },
        "end": { "line": 1, "column": 33 }
      },
      "1": {
        "start": { "line": 2, "column": 0 },
        "end": { "line": 2, "column": 49 }
      },
      "2": {
        "start": { "line": 5, "column": 15 },
        "end": { "line": 5, "column": 23 }
      },
      "3": {
        "start": { "line": 7, "column": 0 },
        "end": { "line": 7, "column": 25 }
      },
      "4": {
        "start": { "line": 8, "column": 0 },
        "end": { "line": 8, "column": 26 }
      },
      "5": {
        "start": { "line": 9, "column": 0 },
        "end": { "line": 9, "column": 31 }
      },
      "6": {
        "start": { "line": 11, "column": 0 },
        "end": { "line": 11, "column": 22 }
      }
    },
    "fnMap": {},
    "branchMap": {},
    "s": { "0": 1, "1": 1, "2": 1, "3": 1, "4": 1, "5": 1, "6": 1 },
    "f": {},
    "b": {}
  },
  "/Users/rarvelo/Downloads/url-shortener/src/utils/exceptions.ts": {
    "path": "/Users/rarvelo/Downloads/url-shortener/src/utils/exceptions.ts",
    "statementMap": {
      "0": {
        "start": { "line": 3, "column": 8 },
        "end": { "line": 3, "column": 23 }
      },
      "1": {
        "start": { "line": 4, "column": 8 },
        "end": { "line": 4, "column": 36 }
      },
      "2": {
        "start": { "line": 15, "column": 8 },
        "end": { "line": 15, "column": 21 }
      },
      "3": {
        "start": { "line": 10, "column": 8 },
        "end": { "line": 10, "column": 23 }
      },
      "4": {
        "start": { "line": 11, "column": 8 },
        "end": { "line": 11, "column": 38 }
      },
      "5": {
        "start": { "line": 15, "column": 23 },
        "end": { "line": 15, "column": 38 }
      }
    },
    "fnMap": {
      "0": {
        "name": "(anonymous_0)",
        "decl": {
          "start": { "line": 2, "column": 4 },
          "end": { "line": 2, "column": 16 }
        },
        "loc": {
          "start": { "line": 2, "column": 31 },
          "end": { "line": 5, "column": 5 }
        }
      },
      "1": {
        "name": "(anonymous_1)",
        "decl": {
          "start": { "line": 9, "column": 4 },
          "end": { "line": 9, "column": 16 }
        },
        "loc": {
          "start": { "line": 9, "column": 31 },
          "end": { "line": 12, "column": 5 }
        }
      }
    },
    "branchMap": {},
    "s": { "0": 1, "1": 1, "2": 1, "3": 1, "4": 1, "5": 1 },
    "f": { "0": 1, "1": 1 },
    "b": {}
  },
  "/Users/rarvelo/Downloads/url-shortener/src/utils/validators.ts": {
    "path": "/Users/rarvelo/Downloads/url-shortener/src/utils/validators.ts",
    "statementMap": {
      "0": {
        "start": { "line": 1, "column": 0 },
        "end": { "line": 1, "column": 45 }
      },
      "1": {
        "start": { "line": 4, "column": 20 },
        "end": { "line": 11, "column": 1 }
      },
      "2": {
        "start": { "line": 5, "column": 4 },
        "end": { "line": 10, "column": 5 }
      },
      "3": {
        "start": { "line": 6, "column": 25 },
        "end": { "line": 6, "column": 37 }
      },
      "4": {
        "start": { "line": 7, "column": 8 },
        "end": { "line": 7, "column": null }
      },
      "5": {
        "start": { "line": 9, "column": 8 },
        "end": { "line": 9, "column": null }
      },
      "6": {
        "start": { "line": 13, "column": 8 },
        "end": { "line": 13, "column": 19 }
      }
    },
    "fnMap": {
      "0": {
        "name": "(anonymous_0)",
        "decl": {
          "start": { "line": 4, "column": 20 },
          "end": { "line": 4, "column": 21 }
        },
        "loc": {
          "start": { "line": 4, "column": 36 },
          "end": { "line": 11, "column": 1 }
        }
      }
    },
    "branchMap": {},
    "s": { "0": 1, "1": 1, "2": 3, "3": 3, "4": 2, "5": 1, "6": 1 },
    "f": { "0": 3 },
    "b": {}
  }
}
