TN:
SF:src/app.ts
FNF:0
FNH:0
DA:1,1
DA:2,1
DA:3,1
DA:4,1
DA:6,1
DA:8,1
DA:10,1
DA:12,1
DA:14,1
DA:15,1
DA:17,1
DA:19,1
LF:12
LH:12
BRF:0
BRH:0
end_of_record
TN:
SF:src/db.ts
FN:5,(anonymous_1)
FN:9,(anonymous_2)
FNF:2
FNH:2
FNDA:1,(anonymous_1)
FNDA:5,(anonymous_2)
DA:1,1
DA:3,1
DA:5,1
DA:6,1
DA:9,1
DA:10,5
DA:14,1
DA:22,1
LF:8
LH:8
BRF:0
BRH:0
end_of_record
TN:
SF:src/health/controller.ts
FN:4,getHealth
FN:6,(anonymous_2)
FNF:2
FNH:0
FNDA:0,getHealth
FNDA:0,(anonymous_2)
DA:2,1
DA:4,1
DA:5,0
DA:6,0
DA:7,0
DA:9,0
DA:11,0
DA:12,0
LF:8
LH:2
BRDA:7,0,0,0
BRF:1
BRH:0
end_of_record
TN:
SF:src/health/routes.ts
FNF:0
FNH:0
DA:1,1
DA:3,1
DA:5,1
DA:7,1
DA:9,1
LF:5
LH:5
BRF:0
BRH:0
end_of_record
TN:
SF:src/slug/application/countHits.ts
FN:5,(anonymous_7)
FN:5,(anonymous_8)
FNF:2
FNH:2
FNDA:1,(anonymous_7)
FNDA:1,(anonymous_8)
DA:2,1
DA:5,1
DA:6,1
DA:7,1
DA:10,1
LF:5
LH:5
BRF:0
BRH:0
end_of_record
TN:
SF:src/slug/application/createSlug.ts
FN:6,(anonymous_7)
FN:6,(anonymous_8)
FNF:2
FNH:2
FNDA:2,(anonymous_7)
FNDA:2,(anonymous_8)
DA:1,1
DA:3,1
DA:4,1
DA:6,2
DA:8,2
DA:9,1
DA:10,1
DA:14,1
DA:17,1
LF:9
LH:9
BRF:0
BRH:0
end_of_record
TN:
SF:src/slug/application/getBySlug.ts
FN:6,(anonymous_7)
FN:6,(anonymous_8)
FNF:2
FNH:2
FNDA:2,(anonymous_7)
FNDA:2,(anonymous_8)
DA:1,1
DA:2,1
DA:3,1
DA:6,2
DA:7,2
DA:8,2
DA:9,1
DA:10,1
DA:13,1
LF:9
LH:9
BRDA:8,0,0,1
BRF:1
BRH:1
end_of_record
TN:
SF:src/slug/application/updateSlug.ts
FN:5,(anonymous_7)
FN:5,(anonymous_8)
FNF:2
FNH:2
FNDA:1,(anonymous_7)
FNDA:1,(anonymous_8)
DA:1,1
DA:3,1
DA:5,1
DA:7,1
DA:8,1
DA:9,1
DA:10,1
DA:13,1
LF:8
LH:8
BRF:0
BRH:0
end_of_record
TN:
SF:src/slug/infraestructure/slug.repository.ts
FN:7,(anonymous_8)
FN:9,(anonymous_10)
FN:10,(anonymous_11)
FN:19,(anonymous_12)
FN:22,(anonymous_14)
FN:23,(anonymous_15)
FN:37,(anonymous_16)
FN:39,(anonymous_18)
FN:40,(anonymous_19)
FN:54,(anonymous_20)
FN:62,(anonymous_21)
FNF:11
FNH:11
FNDA:3,(anonymous_8)
FNDA:3,(anonymous_10)
FNDA:3,(anonymous_11)
FNDA:3,(anonymous_12)
FNDA:3,(anonymous_14)
FNDA:3,(anonymous_15)
FNDA:2,(anonymous_16)
FNDA:2,(anonymous_18)
FNDA:2,(anonymous_19)
FNDA:3,(anonymous_20)
FNDA:3,(anonymous_21)
DA:3,1
DA:6,1
DA:8,3
DA:9,3
DA:10,3
DA:11,3
DA:12,0
DA:14,3
DA:21,3
DA:22,3
DA:23,3
DA:24,3
DA:25,0
DA:27,3
DA:28,3
DA:38,2
DA:39,2
DA:40,2
DA:41,2
DA:42,0
DA:44,2
DA:45,2
DA:46,2
DA:48,0
DA:55,3
DA:56,3
DA:60,1
DA:62,1
DA:63,3
DA:66,1
LF:30
LH:26
BRDA:11,0,0,0
BRDA:11,0,1,3
BRDA:24,1,0,0
BRDA:24,1,1,3
BRDA:41,2,0,0
BRDA:41,2,1,2
BRDA:45,3,0,2
BRDA:45,3,1,0
BRF:8
BRH:4
end_of_record
TN:
SF:src/slug/presentation/controller.ts
FN:7,(anonymous_7)
FN:7,(anonymous_8)
FN:18,(anonymous_9)
FN:18,(anonymous_10)
FN:30,(anonymous_11)
FN:30,(anonymous_12)
FNF:6
FNH:6
FNDA:2,(anonymous_7)
FNDA:2,(anonymous_8)
FNDA:1,(anonymous_9)
FNDA:1,(anonymous_10)
FNDA:2,(anonymous_11)
FNDA:2,(anonymous_12)
DA:2,1
DA:3,1
DA:4,1
DA:5,1
DA:7,2
DA:8,2
DA:9,2
DA:12,1
DA:14,1
DA:15,1
DA:18,1
DA:19,1
DA:20,1
DA:23,1
DA:25,0
DA:26,0
DA:27,0
DA:30,2
DA:31,2
DA:32,2
DA:33,1
DA:35,1
DA:36,1
DA:37,1
DA:41,1
LF:25
LH:22
BRDA:14,0,0,1
BRDA:25,1,0,0
BRDA:35,2,0,1
BRF:3
BRH:2
end_of_record
TN:
SF:src/slug/presentation/routes.ts
FNF:0
FNH:0
DA:1,1
DA:2,1
DA:5,1
DA:7,1
DA:8,1
DA:9,1
DA:11,1
LF:7
LH:7
BRF:0
BRH:0
end_of_record
TN:
SF:src/utils/exceptions.ts
FN:2,(anonymous_0)
FN:9,(anonymous_1)
FNF:2
FNH:2
FNDA:1,(anonymous_0)
FNDA:1,(anonymous_1)
DA:3,1
DA:4,1
DA:10,1
DA:11,1
DA:15,1
LF:5
LH:5
BRF:0
BRH:0
end_of_record
TN:
SF:src/utils/validators.ts
FN:4,(anonymous_0)
FNF:1
FNH:1
FNDA:3,(anonymous_0)
DA:1,1
DA:4,1
DA:5,3
DA:6,3
DA:7,2
DA:9,1
DA:13,1
LF:7
LH:7
BRF:0
BRH:0
end_of_record
